生成启动时间为 2015/1/9 9:57:10。
     1>项目“E:\CS\trunk\code\DSAA\treap\treap\treap.vcxproj”在节点 2 上(Build 个目标)。
     1>ClCompile:
         C:\Program Files (x86)\Microsoft Visual Studio 11.0\VC\bin\CL.exe /c /ZI /nologo /W3 /WX- /Od /Oy- /D _MBCS /Gm /EHsc /RTC1 /MDd /GS /fp:precise /Zc:wchar_t /Zc:forScope /Fo"Debug\\" /Fd"Debug\vc110.pdb" /Gd /TP /analyze- /errorReport:prompt main.cpp
         main.cpp
     1>e:\cs\trunk\code\dsaa\treap\treap\main.cpp(48): warning C4244: “参数”: 从“time_t”转换到“unsigned int”，可能丢失数据
                 e:\cs\trunk\code\dsaa\treap\treap\main.cpp(47): 编译类 模板 成员函数“BST<T>::BST(int)”时
                 with
                 [
                     T=int
                 ]
                 e:\cs\trunk\code\dsaa\treap\treap\main.cpp(201): 参见对正在编译的函数 模板 实例化“BST<T>::BST(int)”的引用
                 with
                 [
                     T=int
                 ]
                 e:\cs\trunk\code\dsaa\treap\treap\main.cpp(201): 参见对正在编译的类 模板 实例化“BST<T>”的引用
                 with
                 [
                     T=int
                 ]
       Link:
         C:\Program Files (x86)\Microsoft Visual Studio 11.0\VC\bin\link.exe /ERRORREPORT:PROMPT /OUT:"E:\CS\trunk\code\DSAA\treap\Debug\treap.exe" /INCREMENTAL /NOLOGO kernel32.lib user32.lib gdi32.lib winspool.lib comdlg32.lib advapi32.lib shell32.lib ole32.lib oleaut32.lib uuid.lib odbc32.lib odbccp32.lib /MANIFEST /MANIFESTUAC:"level='asInvoker' uiAccess='false'" /manifest:embed /DEBUG /PDB:"E:\CS\trunk\code\DSAA\treap\Debug\treap.pdb" /TLBID:1 /DYNAMICBASE /NXCOMPAT /IMPLIB:"E:\CS\trunk\code\DSAA\treap\Debug\treap.lib" /MACHINE:X86 Debug\main.obj
         treap.vcxproj -> E:\CS\trunk\code\DSAA\treap\Debug\treap.exe
     1>已完成生成项目“E:\CS\trunk\code\DSAA\treap\treap\treap.vcxproj”(Build 个目标)的操作。

生成成功。

已用时间 00:00:00.84
