E:\CS\TRUNK\CODE\DSAA\TREAP\MY_TREAP\X64\DEBUG\MAIN.OBJ
E:\CS\TRUNK\CODE\DSAA\TREAP\MY_TREAP\X64\DEBUG\VC110.PDB
E:\CS\TRUNK\CODE\DSAA\TREAP\X64\DEBUG\MY_TREAP.ILK
E:\CS\TRUNK\CODE\DSAA\TREAP\X64\DEBUG\MY_TREAP.EXE
E:\CS\TRUNK\CODE\DSAA\TREAP\X64\DEBUG\MY_TREAP.PDB
E:\CS\trunk\code\DSAA\treap\my_treap\x64\Debug\main.obj
E:\CS\trunk\code\DSAA\treap\my_treap\x64\Debug\cl.command.1.tlog
E:\CS\trunk\code\DSAA\treap\my_treap\x64\Debug\CL.read.1.tlog
E:\CS\trunk\code\DSAA\treap\my_treap\x64\Debug\CL.write.1.tlog
E:\CS\trunk\code\DSAA\treap\my_treap\x64\Debug\link-cvtres.read.1.tlog
E:\CS\trunk\code\DSAA\treap\my_treap\x64\Debug\link-cvtres.write.1.tlog
E:\CS\trunk\code\DSAA\treap\my_treap\x64\Debug\link-rc.read.1.tlog
E:\CS\trunk\code\DSAA\treap\my_treap\x64\Debug\link-rc.write.1.tlog
E:\CS\trunk\code\DSAA\treap\my_treap\x64\Debug\link.command.1.tlog
E:\CS\trunk\code\DSAA\treap\my_treap\x64\Debug\link.read.1.tlog
E:\CS\trunk\code\DSAA\treap\my_treap\x64\Debug\link.write.1.tlog
E:\CS\trunk\code\DSAA\treap\my_treap\x64\Debug\vc110.idb
E:\CS\trunk\code\DSAA\treap\my_treap\x64\Debug\vc110.pdb
E:\CS\trunk\code\DSAA\treap\x64\Debug\my_treap.pdb
E:\CS\trunk\code\DSAA\treap\x64\Debug\my_treap.exe
E:\CS\trunk\code\DSAA\treap\x64\Debug\my_treap.ilk
