D:\NOW\CPPP5_7\AVARAGE_PRICE\DEBUG\AVG_PRICE.OBJ
D:\NOW\CPPP5_7\AVARAGE_PRICE\DEBUG\SALES_DATA.OBJ
D:\NOW\CPPP5_7\AVARAGE_PRICE\DEBUG\VC110.PDB
D:\NOW\CPPP5_7\DEBUG\AVARAGE_PRICE.ILK
D:\NOW\CPPP5_7\DEBUG\AVARAGE_PRICE.EXE
D:\NOW\CPPP5_7\DEBUG\AVARAGE_PRICE.PDB
D:\NOW\cppp5_7\avarage_price\Debug\avg_price.obj
D:\NOW\cppp5_7\avarage_price\Debug\Sales_data.obj
D:\NOW\cppp5_7\avarage_price\Debug\cl.command.1.tlog
D:\NOW\cppp5_7\avarage_price\Debug\CL.read.1.tlog
D:\NOW\cppp5_7\avarage_price\Debug\CL.write.1.tlog
D:\NOW\cppp5_7\avarage_price\Debug\link-cvtres.read.1.tlog
D:\NOW\cppp5_7\avarage_price\Debug\link-cvtres.write.1.tlog
D:\NOW\cppp5_7\avarage_price\Debug\link-rc.read.1.tlog
D:\NOW\cppp5_7\avarage_price\Debug\link-rc.write.1.tlog
D:\NOW\cppp5_7\avarage_price\Debug\link.command.1.tlog
D:\NOW\cppp5_7\avarage_price\Debug\link.read.1.tlog
D:\NOW\cppp5_7\avarage_price\Debug\link.write.1.tlog
D:\NOW\cppp5_7\avarage_price\Debug\vc110.idb
D:\NOW\cppp5_7\avarage_price\Debug\vc110.pdb
D:\NOW\cppp5_7\Debug\avarage_price.pdb
D:\NOW\cppp5_7\Debug\avarage_price.exe
D:\NOW\cppp5_7\Debug\avarage_price.ilk
