E:\CS\TRUNK\CODE\DSAA\FILESORT\MULTIPATHMERGE\DEBUG\MAIN.OBJ
E:\CS\TRUNK\CODE\DSAA\FILESORT\MULTIPATHMERGE\DEBUG\VC110.PDB
E:\CS\TRUNK\CODE\DSAA\FILESORT\DEBUG\MULTIPATHMERGE.ILK
E:\CS\TRUNK\CODE\DSAA\FILESORT\DEBUG\MULTIPATHMERGE.EXE
E:\CS\TRUNK\CODE\DSAA\FILESORT\DEBUG\MULTIPATHMERGE.PDB
E:\CS\trunk\code\DSAA\FileSort\MultiPathMerge\Debug\main.obj
E:\CS\trunk\code\DSAA\FileSort\MultiPathMerge\Debug\cl.command.1.tlog
E:\CS\trunk\code\DSAA\FileSort\MultiPathMerge\Debug\CL.read.1.tlog
E:\CS\trunk\code\DSAA\FileSort\MultiPathMerge\Debug\CL.write.1.tlog
E:\CS\trunk\code\DSAA\FileSort\MultiPathMerge\Debug\link-cvtres.read.1.tlog
E:\CS\trunk\code\DSAA\FileSort\MultiPathMerge\Debug\link-cvtres.write.1.tlog
E:\CS\trunk\code\DSAA\FileSort\MultiPathMerge\Debug\link-rc.read.1.tlog
E:\CS\trunk\code\DSAA\FileSort\MultiPathMerge\Debug\link-rc.write.1.tlog
E:\CS\trunk\code\DSAA\FileSort\MultiPathMerge\Debug\link.command.1.tlog
E:\CS\trunk\code\DSAA\FileSort\MultiPathMerge\Debug\link.read.1.tlog
E:\CS\trunk\code\DSAA\FileSort\MultiPathMerge\Debug\link.write.1.tlog
E:\CS\trunk\code\DSAA\FileSort\MultiPathMerge\Debug\vc110.idb
E:\CS\trunk\code\DSAA\FileSort\MultiPathMerge\Debug\vc110.pdb
E:\CS\trunk\code\DSAA\FileSort\Debug\MultiPathMerge.pdb
E:\CS\trunk\code\DSAA\FileSort\Debug\MultiPathMerge.exe
E:\CS\trunk\code\DSAA\FileSort\Debug\MultiPathMerge.ilk
