E:\CS\TRUNK\CODE\DSAA\HEAP\HEAP2\X64\DEBUG\HEAP2.OBJ
E:\CS\TRUNK\CODE\DSAA\HEAP\HEAP2\X64\DEBUG\VC110.PDB
E:\CS\TRUNK\CODE\DSAA\HEAP\X64\DEBUG\HEAP2.ILK
E:\CS\TRUNK\CODE\DSAA\HEAP\X64\DEBUG\HEAP2.EXE
E:\CS\TRUNK\CODE\DSAA\HEAP\X64\DEBUG\HEAP2.PDB
E:\CS\trunk\code\DSAA\heap\heap2\x64\Debug\heap2.obj
E:\CS\trunk\code\DSAA\heap\heap2\x64\Debug\cl.command.1.tlog
E:\CS\trunk\code\DSAA\heap\heap2\x64\Debug\CL.read.1.tlog
E:\CS\trunk\code\DSAA\heap\heap2\x64\Debug\CL.write.1.tlog
E:\CS\trunk\code\DSAA\heap\heap2\x64\Debug\link-cvtres.read.1.tlog
E:\CS\trunk\code\DSAA\heap\heap2\x64\Debug\link-cvtres.write.1.tlog
E:\CS\trunk\code\DSAA\heap\heap2\x64\Debug\link-rc.read.1.tlog
E:\CS\trunk\code\DSAA\heap\heap2\x64\Debug\link-rc.write.1.tlog
E:\CS\trunk\code\DSAA\heap\heap2\x64\Debug\link.command.1.tlog
E:\CS\trunk\code\DSAA\heap\heap2\x64\Debug\link.read.1.tlog
E:\CS\trunk\code\DSAA\heap\heap2\x64\Debug\link.write.1.tlog
E:\CS\trunk\code\DSAA\heap\heap2\x64\Debug\vc110.idb
E:\CS\trunk\code\DSAA\heap\heap2\x64\Debug\vc110.pdb
E:\CS\trunk\code\DSAA\heap\x64\Debug\heap2.pdb
E:\CS\trunk\code\DSAA\heap\x64\Debug\heap2.exe
E:\CS\trunk\code\DSAA\heap\x64\Debug\heap2.ilk
