E:\CS\TRUNK\CODE\DSAA\SKIPLIST\SKIPLIST\DEBUG\SKIPLIST.OBJ
E:\CS\TRUNK\CODE\DSAA\SKIPLIST\SKIPLIST\DEBUG\SOURCE.OBJ
E:\CS\TRUNK\CODE\DSAA\SKIPLIST\SKIPLIST\DEBUG\VC110.PDB
E:\CS\TRUNK\CODE\DSAA\SKIPLIST\DEBUG\SKIPLIST.ILK
E:\CS\TRUNK\CODE\DSAA\SKIPLIST\DEBUG\SKIPLIST.EXE
E:\CS\TRUNK\CODE\DSAA\SKIPLIST\DEBUG\SKIPLIST.PDB
E:\CS\trunk\code\DSAA\skiplist\skiplist\Debug\skiplist.obj
E:\CS\trunk\code\DSAA\skiplist\skiplist\Debug\Source.obj
E:\CS\trunk\code\DSAA\skiplist\skiplist\Debug\cl.command.1.tlog
E:\CS\trunk\code\DSAA\skiplist\skiplist\Debug\CL.read.1.tlog
E:\CS\trunk\code\DSAA\skiplist\skiplist\Debug\CL.write.1.tlog
E:\CS\trunk\code\DSAA\skiplist\skiplist\Debug\link-cvtres.read.1.tlog
E:\CS\trunk\code\DSAA\skiplist\skiplist\Debug\link-cvtres.write.1.tlog
E:\CS\trunk\code\DSAA\skiplist\skiplist\Debug\link-rc.read.1.tlog
E:\CS\trunk\code\DSAA\skiplist\skiplist\Debug\link-rc.write.1.tlog
E:\CS\trunk\code\DSAA\skiplist\skiplist\Debug\link.command.1.tlog
E:\CS\trunk\code\DSAA\skiplist\skiplist\Debug\link.read.1.tlog
E:\CS\trunk\code\DSAA\skiplist\skiplist\Debug\link.write.1.tlog
E:\CS\trunk\code\DSAA\skiplist\skiplist\Debug\vc110.idb
E:\CS\trunk\code\DSAA\skiplist\skiplist\Debug\vc110.pdb
E:\CS\trunk\code\DSAA\skiplist\Debug\skiplist.pdb
E:\CS\trunk\code\DSAA\skiplist\Debug\skiplist.exe
E:\CS\trunk\code\DSAA\skiplist\Debug\skiplist.ilk
