E:\CS\TRUNK\CODE\DSAA\TREAP\TREAP2\X64\DEBUG\MAIN.OBJ
E:\CS\TRUNK\CODE\DSAA\TREAP\TREAP2\X64\DEBUG\VC110.PDB
E:\CS\TRUNK\CODE\DSAA\TREAP\X64\DEBUG\TREAP2.ILK
E:\CS\TRUNK\CODE\DSAA\TREAP\X64\DEBUG\TREAP2.EXE
E:\CS\TRUNK\CODE\DSAA\TREAP\X64\DEBUG\TREAP2.PDB
E:\CS\trunk\code\DSAA\treap\treap2\x64\Debug\main.obj
E:\CS\trunk\code\DSAA\treap\treap2\x64\Debug\cl.command.1.tlog
E:\CS\trunk\code\DSAA\treap\treap2\x64\Debug\CL.read.1.tlog
E:\CS\trunk\code\DSAA\treap\treap2\x64\Debug\CL.write.1.tlog
E:\CS\trunk\code\DSAA\treap\treap2\x64\Debug\link-cvtres.read.1.tlog
E:\CS\trunk\code\DSAA\treap\treap2\x64\Debug\link-cvtres.write.1.tlog
E:\CS\trunk\code\DSAA\treap\treap2\x64\Debug\link-rc.read.1.tlog
E:\CS\trunk\code\DSAA\treap\treap2\x64\Debug\link-rc.write.1.tlog
E:\CS\trunk\code\DSAA\treap\treap2\x64\Debug\link.command.1.tlog
E:\CS\trunk\code\DSAA\treap\treap2\x64\Debug\link.read.1.tlog
E:\CS\trunk\code\DSAA\treap\treap2\x64\Debug\link.write.1.tlog
E:\CS\trunk\code\DSAA\treap\treap2\x64\Debug\vc110.idb
E:\CS\trunk\code\DSAA\treap\treap2\x64\Debug\vc110.pdb
E:\CS\trunk\code\DSAA\treap\x64\Debug\treap2.pdb
E:\CS\trunk\code\DSAA\treap\x64\Debug\treap2.exe
E:\CS\trunk\code\DSAA\treap\x64\Debug\treap2.ilk
