E:\CS\TRUNK\CODE\DSAA\TREE\BST\BESTBST\X64\DEBUG\MAIN.OBJ
E:\CS\TRUNK\CODE\DSAA\TREE\BST\BESTBST\X64\DEBUG\VC110.PDB
E:\CS\TRUNK\CODE\DSAA\TREE\BST\X64\DEBUG\BESTBST.ILK
E:\CS\TRUNK\CODE\DSAA\TREE\BST\X64\DEBUG\BESTBST.EXE
E:\CS\TRUNK\CODE\DSAA\TREE\BST\X64\DEBUG\BESTBST.PDB
E:\CS\trunk\code\DSAA\tree\bst\BestBST\x64\Debug\main.obj
E:\CS\trunk\code\DSAA\tree\bst\BestBST\x64\Debug\cl.command.1.tlog
E:\CS\trunk\code\DSAA\tree\bst\BestBST\x64\Debug\CL.read.1.tlog
E:\CS\trunk\code\DSAA\tree\bst\BestBST\x64\Debug\CL.write.1.tlog
E:\CS\trunk\code\DSAA\tree\bst\BestBST\x64\Debug\link-cvtres.read.1.tlog
E:\CS\trunk\code\DSAA\tree\bst\BestBST\x64\Debug\link-cvtres.write.1.tlog
E:\CS\trunk\code\DSAA\tree\bst\BestBST\x64\Debug\link-rc.read.1.tlog
E:\CS\trunk\code\DSAA\tree\bst\BestBST\x64\Debug\link-rc.write.1.tlog
E:\CS\trunk\code\DSAA\tree\bst\BestBST\x64\Debug\link.command.1.tlog
E:\CS\trunk\code\DSAA\tree\bst\BestBST\x64\Debug\link.read.1.tlog
E:\CS\trunk\code\DSAA\tree\bst\BestBST\x64\Debug\link.write.1.tlog
E:\CS\trunk\code\DSAA\tree\bst\BestBST\x64\Debug\vc110.idb
E:\CS\trunk\code\DSAA\tree\bst\BestBST\x64\Debug\vc110.pdb
E:\CS\trunk\code\DSAA\tree\bst\x64\Debug\BestBST.pdb
E:\CS\trunk\code\DSAA\tree\bst\x64\Debug\BestBST.exe
E:\CS\trunk\code\DSAA\tree\bst\x64\Debug\BestBST.ilk
