E:\CS\CPPP\4TH\GOOD\17_TOOLS_FOR_LARGER_PROGRAMS\C++_PRIMER_4_17\MYEXCEPTION\DEBUG\MAIN.OBJ
E:\CS\CPPP\4TH\GOOD\17_TOOLS_FOR_LARGER_PROGRAMS\C++_PRIMER_4_17\MYEXCEPTION\DEBUG\VC110.PDB
E:\CS\CPPP\4TH\GOOD\17_TOOLS_FOR_LARGER_PROGRAMS\C++_PRIMER_4_17\DEBUG\MYEXCEPTION_STACK_UNWINDING.ILK
E:\CS\CPPP\4TH\GOOD\17_TOOLS_FOR_LARGER_PROGRAMS\C++_PRIMER_4_17\DEBUG\MYEXCEPTION_STACK_UNWINDING.EXE
E:\CS\CPPP\4TH\GOOD\17_TOOLS_FOR_LARGER_PROGRAMS\C++_PRIMER_4_17\DEBUG\MYEXCEPTION_STACK_UNWINDING.PDB
E:\CS\CPPP\4th\good\17_tools_for_larger_programs\c++_primer_4_17\myException\Debug\main.obj
E:\CS\CPPP\4th\good\17_tools_for_larger_programs\c++_primer_4_17\myException\Debug\cl.command.1.tlog
E:\CS\CPPP\4th\good\17_tools_for_larger_programs\c++_primer_4_17\myException\Debug\CL.read.1.tlog
E:\CS\CPPP\4th\good\17_tools_for_larger_programs\c++_primer_4_17\myException\Debug\CL.write.1.tlog
E:\CS\CPPP\4th\good\17_tools_for_larger_programs\c++_primer_4_17\myException\Debug\link-cvtres.read.1.tlog
E:\CS\CPPP\4th\good\17_tools_for_larger_programs\c++_primer_4_17\myException\Debug\link-cvtres.write.1.tlog
E:\CS\CPPP\4th\good\17_tools_for_larger_programs\c++_primer_4_17\myException\Debug\link-rc.read.1.tlog
E:\CS\CPPP\4th\good\17_tools_for_larger_programs\c++_primer_4_17\myException\Debug\link-rc.write.1.tlog
E:\CS\CPPP\4th\good\17_tools_for_larger_programs\c++_primer_4_17\myException\Debug\link.command.1.tlog
E:\CS\CPPP\4th\good\17_tools_for_larger_programs\c++_primer_4_17\myException\Debug\link.read.1.tlog
E:\CS\CPPP\4th\good\17_tools_for_larger_programs\c++_primer_4_17\myException\Debug\link.write.1.tlog
E:\CS\CPPP\4th\good\17_tools_for_larger_programs\c++_primer_4_17\myException\Debug\vc110.idb
E:\CS\CPPP\4th\good\17_tools_for_larger_programs\c++_primer_4_17\myException\Debug\vc110.pdb
E:\CS\CPPP\4th\good\17_tools_for_larger_programs\c++_primer_4_17\Debug\myException_stack_unwinding.pdb
E:\CS\CPPP\4th\good\17_tools_for_larger_programs\c++_primer_4_17\Debug\myException_stack_unwinding.exe
E:\CS\CPPP\4th\good\17_tools_for_larger_programs\c++_primer_4_17\Debug\myException_stack_unwinding.ilk
