E:\CS\CPPP\4TH\GOOD\17_TOOLS_FOR_LARGER_PROGRAMS\C++_PRIMER_4_17\17.1.9_AUTO_PTR\DEBUG\MAIN.OBJ
E:\CS\CPPP\4TH\GOOD\17_TOOLS_FOR_LARGER_PROGRAMS\C++_PRIMER_4_17\17.1.9_AUTO_PTR\DEBUG\VC110.PDB
E:\CS\CPPP\4TH\GOOD\17_TOOLS_FOR_LARGER_PROGRAMS\C++_PRIMER_4_17\DEBUG\17.1.9_AUTO_PTR.ILK
E:\CS\CPPP\4TH\GOOD\17_TOOLS_FOR_LARGER_PROGRAMS\C++_PRIMER_4_17\DEBUG\17.1.9_AUTO_PTR.EXE
E:\CS\CPPP\4TH\GOOD\17_TOOLS_FOR_LARGER_PROGRAMS\C++_PRIMER_4_17\DEBUG\17.1.9_AUTO_PTR.PDB
E:\CS\CPPP\4th\good\17_tools_for_larger_programs\c++_primer_4_17\17.1.9_auto_ptr\Debug\main.obj
E:\CS\CPPP\4th\good\17_tools_for_larger_programs\c++_primer_4_17\17.1.9_auto_ptr\Debug\cl.command.1.tlog
E:\CS\CPPP\4th\good\17_tools_for_larger_programs\c++_primer_4_17\17.1.9_auto_ptr\Debug\CL.read.1.tlog
E:\CS\CPPP\4th\good\17_tools_for_larger_programs\c++_primer_4_17\17.1.9_auto_ptr\Debug\CL.write.1.tlog
E:\CS\CPPP\4th\good\17_tools_for_larger_programs\c++_primer_4_17\17.1.9_auto_ptr\Debug\link-cvtres.read.1.tlog
E:\CS\CPPP\4th\good\17_tools_for_larger_programs\c++_primer_4_17\17.1.9_auto_ptr\Debug\link-cvtres.write.1.tlog
E:\CS\CPPP\4th\good\17_tools_for_larger_programs\c++_primer_4_17\17.1.9_auto_ptr\Debug\link-rc.read.1.tlog
E:\CS\CPPP\4th\good\17_tools_for_larger_programs\c++_primer_4_17\17.1.9_auto_ptr\Debug\link-rc.write.1.tlog
E:\CS\CPPP\4th\good\17_tools_for_larger_programs\c++_primer_4_17\17.1.9_auto_ptr\Debug\link.command.1.tlog
E:\CS\CPPP\4th\good\17_tools_for_larger_programs\c++_primer_4_17\17.1.9_auto_ptr\Debug\link.read.1.tlog
E:\CS\CPPP\4th\good\17_tools_for_larger_programs\c++_primer_4_17\17.1.9_auto_ptr\Debug\link.write.1.tlog
E:\CS\CPPP\4th\good\17_tools_for_larger_programs\c++_primer_4_17\17.1.9_auto_ptr\Debug\vc110.idb
E:\CS\CPPP\4th\good\17_tools_for_larger_programs\c++_primer_4_17\17.1.9_auto_ptr\Debug\vc110.pdb
E:\CS\CPPP\4th\good\17_tools_for_larger_programs\c++_primer_4_17\Debug\17.1.9_auto_ptr.pdb
E:\CS\CPPP\4th\good\17_tools_for_larger_programs\c++_primer_4_17\Debug\17.1.9_auto_ptr.exe
E:\CS\CPPP\4th\good\17_tools_for_larger_programs\c++_primer_4_17\Debug\17.1.9_auto_ptr.ilk
