E:\CS\TRUNK\CODE\DSAA\HEAP\HEAP3\DEBUG\MAIN.OBJ
E:\CS\TRUNK\CODE\DSAA\HEAP\HEAP3\DEBUG\VC110.PDB
E:\CS\TRUNK\CODE\DSAA\HEAP\DEBUG\HEAP3.ILK
E:\CS\TRUNK\CODE\DSAA\HEAP\DEBUG\HEAP3.EXE
E:\CS\TRUNK\CODE\DSAA\HEAP\DEBUG\HEAP3.PDB
E:\CS\trunk\code\DSAA\heap\heap3\Debug\main.obj
E:\CS\trunk\code\DSAA\heap\heap3\Debug\cl.command.1.tlog
E:\CS\trunk\code\DSAA\heap\heap3\Debug\CL.read.1.tlog
E:\CS\trunk\code\DSAA\heap\heap3\Debug\CL.write.1.tlog
E:\CS\trunk\code\DSAA\heap\heap3\Debug\link-cvtres.read.1.tlog
E:\CS\trunk\code\DSAA\heap\heap3\Debug\link-cvtres.write.1.tlog
E:\CS\trunk\code\DSAA\heap\heap3\Debug\link-rc.read.1.tlog
E:\CS\trunk\code\DSAA\heap\heap3\Debug\link-rc.write.1.tlog
E:\CS\trunk\code\DSAA\heap\heap3\Debug\link.command.1.tlog
E:\CS\trunk\code\DSAA\heap\heap3\Debug\link.read.1.tlog
E:\CS\trunk\code\DSAA\heap\heap3\Debug\link.write.1.tlog
E:\CS\trunk\code\DSAA\heap\heap3\Debug\vc110.idb
E:\CS\trunk\code\DSAA\heap\heap3\Debug\vc110.pdb
E:\CS\trunk\code\DSAA\heap\Debug\heap3.pdb
E:\CS\trunk\code\DSAA\heap\Debug\heap3.exe
E:\CS\trunk\code\DSAA\heap\Debug\heap3.ilk
