生成启动时间为 2014/8/9 19:40:57。
     1>项目“E:\CS\trunk\code\DSAA\FileSort\MultiPathMerge\MultiPathMerge.vcxproj”在节点 2 上(Build 个目标)。
     1>ClCompile:
         C:\Program Files (x86)\Microsoft Visual Studio 11.0\VC\bin\x86_amd64\CL.exe /c /Zi /nologo /W3 /WX- /Od /D _MBCS /Gm /EHsc /RTC1 /MDd /GS /fp:precise /Zc:wchar_t /Zc:forScope /Fo"x64\Debug\\" /Fd"x64\Debug\vc110.pdb" /Gd /TP /errorReport:prompt main.cpp
         main.cpp
     1>e:\cs\trunk\code\dsaa\filesort\multipathmerge\ExternSort.h(37): warning C4996: 'strcpy': This function or variable may be unsafe. Consider using strcpy_s instead. To disable deprecation, use _CRT_SECURE_NO_WARNINGS. See online help for details.
                 C:\Program Files (x86)\Microsoft Visual Studio 11.0\VC\include\string.h(110) : 参见“strcpy”的声明
     1>e:\cs\trunk\code\dsaa\filesort\multipathmerge\ExternSort.h(39): warning C4996: 'strcpy': This function or variable may be unsafe. Consider using strcpy_s instead. To disable deprecation, use _CRT_SECURE_NO_WARNINGS. See online help for details.
                 C:\Program Files (x86)\Microsoft Visual Studio 11.0\VC\include\string.h(110) : 参见“strcpy”的声明
     1>e:\cs\trunk\code\dsaa\filesort\multipathmerge\ExternSort.h(57): warning C4996: 'fscanf': This function or variable may be unsafe. Consider using fscanf_s instead. To disable deprecation, use _CRT_SECURE_NO_WARNINGS. See online help for details.
                 C:\Program Files (x86)\Microsoft Visual Studio 11.0\VC\include\stdio.h(237) : 参见“fscanf”的声明
     1>e:\cs\trunk\code\dsaa\filesort\multipathmerge\ExternSort.h(70): warning C4996: 'sprintf': This function or variable may be unsafe. Consider using sprintf_s instead. To disable deprecation, use _CRT_SECURE_NO_WARNINGS. See online help for details.
                 C:\Program Files (x86)\Microsoft Visual Studio 11.0\VC\include\stdio.h(357) : 参见“sprintf”的声明
     1>e:\cs\trunk\code\dsaa\filesort\multipathmerge\ExternSort.h(80): warning C4996: 'fopen': This function or variable may be unsafe. Consider using fopen_s instead. To disable deprecation, use _CRT_SECURE_NO_WARNINGS. See online help for details.
                 C:\Program Files (x86)\Microsoft Visual Studio 11.0\VC\include\stdio.h(218) : 参见“fopen”的声明
     1>e:\cs\trunk\code\dsaa\filesort\multipathmerge\ExternSort.h(88): warning C4996: 'fopen': This function or variable may be unsafe. Consider using fopen_s instead. To disable deprecation, use _CRT_SECURE_NO_WARNINGS. See online help for details.
                 C:\Program Files (x86)\Microsoft Visual Studio 11.0\VC\include\stdio.h(218) : 参见“fopen”的声明
     1>e:\cs\trunk\code\dsaa\filesort\multipathmerge\ExternSort.h(103): warning C4996: 'fopen': This function or variable may be unsafe. Consider using fopen_s instead. To disable deprecation, use _CRT_SECURE_NO_WARNINGS. See online help for details.
                 C:\Program Files (x86)\Microsoft Visual Studio 11.0\VC\include\stdio.h(218) : 参见“fopen”的声明
     1>e:\cs\trunk\code\dsaa\filesort\multipathmerge\ExternSort.h(109): warning C4996: 'fopen': This function or variable may be unsafe. Consider using fopen_s instead. To disable deprecation, use _CRT_SECURE_NO_WARNINGS. See online help for details.
                 C:\Program Files (x86)\Microsoft Visual Studio 11.0\VC\include\stdio.h(218) : 参见“fopen”的声明
     1>e:\cs\trunk\code\dsaa\filesort\multipathmerge\ExternSort.h(120): warning C4996: 'fscanf': This function or variable may be unsafe. Consider using fscanf_s instead. To disable deprecation, use _CRT_SECURE_NO_WARNINGS. See online help for details.
                 C:\Program Files (x86)\Microsoft Visual Studio 11.0\VC\include\stdio.h(237) : 参见“fscanf”的声明
     1>e:\cs\trunk\code\dsaa\filesort\multipathmerge\ExternSort.h(143): warning C4996: 'fscanf': This function or variable may be unsafe. Consider using fscanf_s instead. To disable deprecation, use _CRT_SECURE_NO_WARNINGS. See online help for details.
                 C:\Program Files (x86)\Microsoft Visual Studio 11.0\VC\include\stdio.h(237) : 参见“fscanf”的声明
     1>main.cpp(19): warning C4244: “参数”: 从“time_t”转换到“unsigned int”，可能丢失数据
     1>main.cpp(29): warning C4996: 'fopen': This function or variable may be unsafe. Consider using fopen_s instead. To disable deprecation, use _CRT_SECURE_NO_WARNINGS. See online help for details.
                 C:\Program Files (x86)\Microsoft Visual Studio 11.0\VC\include\stdio.h(218) : 参见“fopen”的声明
     1>main.cpp(30): warning C4018: “<”: 有符号/无符号不匹配
       Link:
         C:\Program Files (x86)\Microsoft Visual Studio 11.0\VC\bin\x86_amd64\link.exe /ERRORREPORT:PROMPT /OUT:"E:\CS\trunk\code\DSAA\FileSort\x64\Debug\MultiPathMerge.exe" /INCREMENTAL /NOLOGO kernel32.lib user32.lib gdi32.lib winspool.lib comdlg32.lib advapi32.lib shell32.lib ole32.lib oleaut32.lib uuid.lib odbc32.lib odbccp32.lib /MANIFEST /MANIFESTUAC:"level='asInvoker' uiAccess='false'" /manifest:embed /DEBUG /PDB:"E:\CS\trunk\code\DSAA\FileSort\x64\Debug\MultiPathMerge.pdb" /TLBID:1 /DYNAMICBASE /NXCOMPAT /IMPLIB:"E:\CS\trunk\code\DSAA\FileSort\x64\Debug\MultiPathMerge.lib" /MACHINE:X64 x64\Debug\main.obj
         MultiPathMerge.vcxproj -> E:\CS\trunk\code\DSAA\FileSort\x64\Debug\MultiPathMerge.exe
     1>已完成生成项目“E:\CS\trunk\code\DSAA\FileSort\MultiPathMerge\MultiPathMerge.vcxproj”(Build 个目标)的操作。

生成成功。

已用时间 00:00:01.39
