E:\CS\TRUNK\CODE\DSAA\TREE\BST\MYBST\RELEASE\MYBST.OBJ
E:\CS\TRUNK\CODE\DSAA\TREE\BST\MYBST\RELEASE\MAIN.OBJ
E:\CS\TRUNK\CODE\DSAA\TREE\BST\MYBST\RELEASE\VC110.PDB
E:\CS\TRUNK\CODE\DSAA\TREE\BST\RELEASE\MYBST.EXE
E:\CS\TRUNK\CODE\DSAA\TREE\BST\RELEASE\MYBST.PDB
E:\CS\trunk\code\DSAA\tree\bst\myBST\Release\main.obj
E:\CS\trunk\code\DSAA\tree\bst\myBST\Release\myBST.obj
E:\CS\trunk\code\DSAA\tree\bst\myBST\Release\cl.command.1.tlog
E:\CS\trunk\code\DSAA\tree\bst\myBST\Release\CL.read.1.tlog
E:\CS\trunk\code\DSAA\tree\bst\myBST\Release\CL.write.1.tlog
E:\CS\trunk\code\DSAA\tree\bst\myBST\Release\link-cvtres.read.1.tlog
E:\CS\trunk\code\DSAA\tree\bst\myBST\Release\link-cvtres.write.1.tlog
E:\CS\trunk\code\DSAA\tree\bst\myBST\Release\link-rc.read.1.tlog
E:\CS\trunk\code\DSAA\tree\bst\myBST\Release\link-rc.write.1.tlog
E:\CS\trunk\code\DSAA\tree\bst\myBST\Release\link.command.1.tlog
E:\CS\trunk\code\DSAA\tree\bst\myBST\Release\link.read.1.tlog
E:\CS\trunk\code\DSAA\tree\bst\myBST\Release\link.write.1.tlog
E:\CS\trunk\code\DSAA\tree\bst\myBST\Release\vc110.pdb
E:\CS\trunk\code\DSAA\tree\bst\Release\myBST.pdb
E:\CS\trunk\code\DSAA\tree\bst\Release\myBST.exe
