E:\CS\MEMORY\NEWDELETE\NEW_DELETE\PROJECT1\DEBUG\SOURCE.OBJ
E:\CS\MEMORY\NEWDELETE\NEW_DELETE\PROJECT1\DEBUG\VC110.PDB
E:\CS\MEMORY\NEWDELETE\NEW_DELETE\DEBUG\PROJECT1.ILK
E:\CS\MEMORY\NEWDELETE\NEW_DELETE\DEBUG\PROJECT1.EXE
E:\CS\MEMORY\NEWDELETE\NEW_DELETE\DEBUG\PROJECT1.PDB
E:\CS\memory\newDelete\new_delete\Project1\Debug\Source.obj
E:\CS\memory\newDelete\new_delete\Project1\Debug\cl.command.1.tlog
E:\CS\memory\newDelete\new_delete\Project1\Debug\CL.read.1.tlog
E:\CS\memory\newDelete\new_delete\Project1\Debug\CL.write.1.tlog
E:\CS\memory\newDelete\new_delete\Project1\Debug\link-cvtres.read.1.tlog
E:\CS\memory\newDelete\new_delete\Project1\Debug\link-cvtres.write.1.tlog
E:\CS\memory\newDelete\new_delete\Project1\Debug\link-rc.read.1.tlog
E:\CS\memory\newDelete\new_delete\Project1\Debug\link-rc.write.1.tlog
E:\CS\memory\newDelete\new_delete\Project1\Debug\link.command.1.tlog
E:\CS\memory\newDelete\new_delete\Project1\Debug\link.read.1.tlog
E:\CS\memory\newDelete\new_delete\Project1\Debug\link.write.1.tlog
E:\CS\memory\newDelete\new_delete\Project1\Debug\vc110.idb
E:\CS\memory\newDelete\new_delete\Project1\Debug\vc110.pdb
E:\CS\memory\newDelete\new_delete\Debug\Project1.pdb
E:\CS\memory\newDelete\new_delete\Debug\Project1.exe
E:\CS\memory\newDelete\new_delete\Debug\Project1.ilk
