E:\CS\TRUNK\CODE\DSAA\YWM\CODE\DS_QINGHUA_2\DS_QINGHUA_CHAPTER2\DEBUG\MAIN.OBJ
E:\CS\TRUNK\CODE\DSAA\YWM\CODE\DS_QINGHUA_2\DS_QINGHUA_CHAPTER2\DEBUG\VC110.PDB
E:\CS\TRUNK\CODE\DSAA\YWM\CODE\DS_QINGHUA_2\DEBUG\DS_QINGHUA_CHAPTER2.ILK
E:\CS\TRUNK\CODE\DSAA\YWM\CODE\DS_QINGHUA_2\DEBUG\DS_QINGHUA_CHAPTER2.EXE
E:\CS\TRUNK\CODE\DSAA\YWM\CODE\DS_QINGHUA_2\DEBUG\DS_QINGHUA_CHAPTER2.PDB
E:\CS\trunk\code\DSAA\ywm\code\DS_qinghua_2\DS_qinghua_chapter2\Debug\main.obj
E:\CS\trunk\code\DSAA\ywm\code\DS_qinghua_2\DS_qinghua_chapter2\Debug\cl.command.1.tlog
E:\CS\trunk\code\DSAA\ywm\code\DS_qinghua_2\DS_qinghua_chapter2\Debug\CL.read.1.tlog
E:\CS\trunk\code\DSAA\ywm\code\DS_qinghua_2\DS_qinghua_chapter2\Debug\CL.write.1.tlog
E:\CS\trunk\code\DSAA\ywm\code\DS_qinghua_2\DS_qinghua_chapter2\Debug\link-cvtres.read.1.tlog
E:\CS\trunk\code\DSAA\ywm\code\DS_qinghua_2\DS_qinghua_chapter2\Debug\link-cvtres.write.1.tlog
E:\CS\trunk\code\DSAA\ywm\code\DS_qinghua_2\DS_qinghua_chapter2\Debug\link-rc.read.1.tlog
E:\CS\trunk\code\DSAA\ywm\code\DS_qinghua_2\DS_qinghua_chapter2\Debug\link-rc.write.1.tlog
E:\CS\trunk\code\DSAA\ywm\code\DS_qinghua_2\DS_qinghua_chapter2\Debug\link.command.1.tlog
E:\CS\trunk\code\DSAA\ywm\code\DS_qinghua_2\DS_qinghua_chapter2\Debug\link.read.1.tlog
E:\CS\trunk\code\DSAA\ywm\code\DS_qinghua_2\DS_qinghua_chapter2\Debug\link.write.1.tlog
E:\CS\trunk\code\DSAA\ywm\code\DS_qinghua_2\DS_qinghua_chapter2\Debug\vc110.idb
E:\CS\trunk\code\DSAA\ywm\code\DS_qinghua_2\DS_qinghua_chapter2\Debug\vc110.pdb
E:\CS\trunk\code\DSAA\ywm\code\DS_qinghua_2\Debug\DS_qinghua_chapter2.pdb
E:\CS\trunk\code\DSAA\ywm\code\DS_qinghua_2\Debug\DS_qinghua_chapter2.exe
E:\CS\trunk\code\DSAA\ywm\code\DS_qinghua_2\Debug\DS_qinghua_chapter2.ilk
