E:\CS\CPPP\4TH\GOOD\17_TOOLS_FOR_LARGER_PROGRAMS\C++_PRIMER_4_17\EXCEPTION_IN_DESTRUCTION_WHEN_UNWINDING\DEBUG\MAIN.OBJ
E:\CS\CPPP\4TH\GOOD\17_TOOLS_FOR_LARGER_PROGRAMS\C++_PRIMER_4_17\EXCEPTION_IN_DESTRUCTION_WHEN_UNWINDING\DEBUG\VC110.PDB
E:\CS\CPPP\4TH\GOOD\17_TOOLS_FOR_LARGER_PROGRAMS\C++_PRIMER_4_17\DEBUG\EXCEPTION_IN_DESTRUCTION_WHEN_UNWINDING.ILK
E:\CS\CPPP\4TH\GOOD\17_TOOLS_FOR_LARGER_PROGRAMS\C++_PRIMER_4_17\DEBUG\EXCEPTION_IN_DESTRUCTION_WHEN_UNWINDING.EXE
E:\CS\CPPP\4TH\GOOD\17_TOOLS_FOR_LARGER_PROGRAMS\C++_PRIMER_4_17\DEBUG\EXCEPTION_IN_DESTRUCTION_WHEN_UNWINDING.PDB
E:\CS\CPPP\4th\good\17_tools_for_larger_programs\c++_primer_4_17\exception_in_destruction_when_unwinding\Debug\main.obj
E:\CS\CPPP\4th\good\17_tools_for_larger_programs\c++_primer_4_17\exception_in_destruction_when_unwinding\Debug\cl.command.1.tlog
E:\CS\CPPP\4th\good\17_tools_for_larger_programs\c++_primer_4_17\exception_in_destruction_when_unwinding\Debug\CL.read.1.tlog
E:\CS\CPPP\4th\good\17_tools_for_larger_programs\c++_primer_4_17\exception_in_destruction_when_unwinding\Debug\CL.write.1.tlog
E:\CS\CPPP\4th\good\17_tools_for_larger_programs\c++_primer_4_17\exception_in_destruction_when_unwinding\Debug\link-cvtres.read.1.tlog
E:\CS\CPPP\4th\good\17_tools_for_larger_programs\c++_primer_4_17\exception_in_destruction_when_unwinding\Debug\link-cvtres.write.1.tlog
E:\CS\CPPP\4th\good\17_tools_for_larger_programs\c++_primer_4_17\exception_in_destruction_when_unwinding\Debug\link-rc.read.1.tlog
E:\CS\CPPP\4th\good\17_tools_for_larger_programs\c++_primer_4_17\exception_in_destruction_when_unwinding\Debug\link-rc.write.1.tlog
E:\CS\CPPP\4th\good\17_tools_for_larger_programs\c++_primer_4_17\exception_in_destruction_when_unwinding\Debug\link.command.1.tlog
E:\CS\CPPP\4th\good\17_tools_for_larger_programs\c++_primer_4_17\exception_in_destruction_when_unwinding\Debug\link.read.1.tlog
E:\CS\CPPP\4th\good\17_tools_for_larger_programs\c++_primer_4_17\exception_in_destruction_when_unwinding\Debug\link.write.1.tlog
E:\CS\CPPP\4th\good\17_tools_for_larger_programs\c++_primer_4_17\exception_in_destruction_when_unwinding\Debug\vc110.idb
E:\CS\CPPP\4th\good\17_tools_for_larger_programs\c++_primer_4_17\exception_in_destruction_when_unwinding\Debug\vc110.pdb
E:\CS\CPPP\4th\good\17_tools_for_larger_programs\c++_primer_4_17\Debug\exception_in_destruction_when_unwinding.pdb
E:\CS\CPPP\4th\good\17_tools_for_larger_programs\c++_primer_4_17\Debug\exception_in_destruction_when_unwinding.exe
E:\CS\CPPP\4th\good\17_tools_for_larger_programs\c++_primer_4_17\Debug\exception_in_destruction_when_unwinding.ilk
