E:\CS\TRUNK\CODE\DSAA\TREE\BST\MYBST\DEBUG\MAIN.OBJ
E:\CS\TRUNK\CODE\DSAA\TREE\BST\MYBST\DEBUG\MYBST.OBJ
E:\CS\TRUNK\CODE\DSAA\TREE\BST\MYBST\DEBUG\VC110.PDB
E:\CS\TRUNK\CODE\DSAA\TREE\BST\DEBUG\MYBST.ILK
E:\CS\TRUNK\CODE\DSAA\TREE\BST\DEBUG\MYBST.EXE
E:\CS\TRUNK\CODE\DSAA\TREE\BST\DEBUG\MYBST.PDB
E:\CS\trunk\code\DSAA\tree\bst\myBST\Debug\main.obj
E:\CS\trunk\code\DSAA\tree\bst\myBST\Debug\myBST.obj
E:\CS\trunk\code\DSAA\tree\bst\myBST\Debug\cl.command.1.tlog
E:\CS\trunk\code\DSAA\tree\bst\myBST\Debug\CL.read.1.tlog
E:\CS\trunk\code\DSAA\tree\bst\myBST\Debug\CL.write.1.tlog
E:\CS\trunk\code\DSAA\tree\bst\myBST\Debug\link-cvtres.read.1.tlog
E:\CS\trunk\code\DSAA\tree\bst\myBST\Debug\link-cvtres.write.1.tlog
E:\CS\trunk\code\DSAA\tree\bst\myBST\Debug\link-rc.read.1.tlog
E:\CS\trunk\code\DSAA\tree\bst\myBST\Debug\link-rc.write.1.tlog
E:\CS\trunk\code\DSAA\tree\bst\myBST\Debug\link.command.1.tlog
E:\CS\trunk\code\DSAA\tree\bst\myBST\Debug\link.read.1.tlog
E:\CS\trunk\code\DSAA\tree\bst\myBST\Debug\link.write.1.tlog
E:\CS\trunk\code\DSAA\tree\bst\myBST\Debug\vc110.idb
E:\CS\trunk\code\DSAA\tree\bst\myBST\Debug\vc110.pdb
E:\CS\trunk\code\DSAA\tree\bst\Debug\myBST.pdb
E:\CS\trunk\code\DSAA\tree\bst\Debug\myBST.exe
E:\CS\trunk\code\DSAA\tree\bst\Debug\myBST.ilk
