E:\CS\TRUNK\CODE\DSAA\TREE\BST\GENBST\X64\DEBUG\MAIN.OBJ
E:\CS\TRUNK\CODE\DSAA\TREE\BST\GENBST\X64\DEBUG\VC110.PDB
E:\CS\TRUNK\CODE\DSAA\TREE\BST\X64\DEBUG\GENBST.ILK
E:\CS\TRUNK\CODE\DSAA\TREE\BST\X64\DEBUG\GENBST.EXE
E:\CS\TRUNK\CODE\DSAA\TREE\BST\X64\DEBUG\GENBST.PDB
E:\CS\trunk\code\DSAA\tree\bst\genBST\x64\Debug\main.obj
E:\CS\trunk\code\DSAA\tree\bst\genBST\x64\Debug\cl.command.1.tlog
E:\CS\trunk\code\DSAA\tree\bst\genBST\x64\Debug\CL.read.1.tlog
E:\CS\trunk\code\DSAA\tree\bst\genBST\x64\Debug\CL.write.1.tlog
E:\CS\trunk\code\DSAA\tree\bst\genBST\x64\Debug\link-cvtres.read.1.tlog
E:\CS\trunk\code\DSAA\tree\bst\genBST\x64\Debug\link-cvtres.write.1.tlog
E:\CS\trunk\code\DSAA\tree\bst\genBST\x64\Debug\link-rc.read.1.tlog
E:\CS\trunk\code\DSAA\tree\bst\genBST\x64\Debug\link-rc.write.1.tlog
E:\CS\trunk\code\DSAA\tree\bst\genBST\x64\Debug\link.command.1.tlog
E:\CS\trunk\code\DSAA\tree\bst\genBST\x64\Debug\link.read.1.tlog
E:\CS\trunk\code\DSAA\tree\bst\genBST\x64\Debug\link.write.1.tlog
E:\CS\trunk\code\DSAA\tree\bst\genBST\x64\Debug\vc110.pdb
E:\CS\trunk\code\DSAA\tree\bst\x64\Debug\genBST.pdb
E:\CS\trunk\code\DSAA\tree\bst\x64\Debug\genBST.exe
E:\CS\trunk\code\DSAA\tree\bst\x64\Debug\genBST.ilk
