E:\CS\CPPP\4TH\GOOD\15_OO_AND_GP\C++_PRIMER_4_15\C++_PRIMER_15TH\DEBUG\覆盖虚函数机制.OBJ
E:\CS\CPPP\4TH\GOOD\15_OO_AND_GP\C++_PRIMER_4_15\C++_PRIMER_15TH\DEBUG\VC110.PDB
E:\CS\CPPP\4TH\GOOD\15_OO_AND_GP\C++_PRIMER_4_15\DEBUG\覆盖虚函数机制.ILK
E:\CS\CPPP\4TH\GOOD\15_OO_AND_GP\C++_PRIMER_4_15\DEBUG\覆盖虚函数机制.EXE
E:\CS\CPPP\4TH\GOOD\15_OO_AND_GP\C++_PRIMER_4_15\DEBUG\覆盖虚函数机制.PDB
E:\CS\CPPP\4th\good\15_OO_and_GP\c++_primer_4_15\c++_primer_15th\Debug\覆盖虚函数机制.obj
E:\CS\CPPP\4th\good\15_OO_and_GP\c++_primer_4_15\c++_primer_15th\Debug\CL.read.1.tlog
E:\CS\CPPP\4th\good\15_OO_and_GP\c++_primer_4_15\c++_primer_15th\Debug\CL.write.1.tlog
E:\CS\CPPP\4th\good\15_OO_and_GP\c++_primer_4_15\c++_primer_15th\Debug\cl.command.1.tlog
E:\CS\CPPP\4th\good\15_OO_and_GP\c++_primer_4_15\c++_primer_15th\Debug\link-rc.read.1.tlog
E:\CS\CPPP\4th\good\15_OO_and_GP\c++_primer_4_15\c++_primer_15th\Debug\link-rc.write.1.tlog
E:\CS\CPPP\4th\good\15_OO_and_GP\c++_primer_4_15\c++_primer_15th\Debug\link-cvtres.read.1.tlog
E:\CS\CPPP\4th\good\15_OO_and_GP\c++_primer_4_15\c++_primer_15th\Debug\link-cvtres.write.1.tlog
E:\CS\CPPP\4th\good\15_OO_and_GP\c++_primer_4_15\c++_primer_15th\Debug\link.read.1.tlog
E:\CS\CPPP\4th\good\15_OO_and_GP\c++_primer_4_15\c++_primer_15th\Debug\link.write.1.tlog
E:\CS\CPPP\4th\good\15_OO_and_GP\c++_primer_4_15\c++_primer_15th\Debug\link.command.1.tlog
E:\CS\CPPP\4th\good\15_OO_and_GP\c++_primer_4_15\c++_primer_15th\Debug\vc110.idb
E:\CS\CPPP\4th\good\15_OO_and_GP\c++_primer_4_15\c++_primer_15th\Debug\vc110.pdb
E:\CS\CPPP\4th\good\15_OO_and_GP\c++_primer_4_15\Debug\覆盖虚函数机制.pdb
E:\CS\CPPP\4th\good\15_OO_and_GP\c++_primer_4_15\Debug\覆盖虚函数机制.exe
E:\CS\CPPP\4th\good\15_OO_and_GP\c++_primer_4_15\Debug\覆盖虚函数机制.ilk
