E:\CS\CPPP\4TH\GOOD\15_OO_AND_GP\C++_PRIMER_4_15\基类到派生类的转换\DEBUG\基类到派生类的转换.OBJ
E:\CS\CPPP\4TH\GOOD\15_OO_AND_GP\C++_PRIMER_4_15\基类到派生类的转换\DEBUG\VC110.PDB
E:\CS\CPPP\4TH\GOOD\15_OO_AND_GP\C++_PRIMER_4_15\DEBUG\基类到派生类的转换.ILK
E:\CS\CPPP\4TH\GOOD\15_OO_AND_GP\C++_PRIMER_4_15\DEBUG\基类到派生类的转换.EXE
E:\CS\CPPP\4TH\GOOD\15_OO_AND_GP\C++_PRIMER_4_15\DEBUG\基类到派生类的转换.PDB
E:\CS\CPPP\4th\good\15_OO_and_GP\c++_primer_4_15\基类到派生类的转换\Debug\基类到派生类的转换.obj
E:\CS\CPPP\4th\good\15_OO_and_GP\c++_primer_4_15\基类到派生类的转换\Debug\CL.read.1.tlog
E:\CS\CPPP\4th\good\15_OO_and_GP\c++_primer_4_15\基类到派生类的转换\Debug\CL.write.1.tlog
E:\CS\CPPP\4th\good\15_OO_and_GP\c++_primer_4_15\基类到派生类的转换\Debug\cl.command.1.tlog
E:\CS\CPPP\4th\good\15_OO_and_GP\c++_primer_4_15\基类到派生类的转换\Debug\link-rc.read.1.tlog
E:\CS\CPPP\4th\good\15_OO_and_GP\c++_primer_4_15\基类到派生类的转换\Debug\link-rc.write.1.tlog
E:\CS\CPPP\4th\good\15_OO_and_GP\c++_primer_4_15\基类到派生类的转换\Debug\link-cvtres.read.1.tlog
E:\CS\CPPP\4th\good\15_OO_and_GP\c++_primer_4_15\基类到派生类的转换\Debug\link-cvtres.write.1.tlog
E:\CS\CPPP\4th\good\15_OO_and_GP\c++_primer_4_15\基类到派生类的转换\Debug\link.read.1.tlog
E:\CS\CPPP\4th\good\15_OO_and_GP\c++_primer_4_15\基类到派生类的转换\Debug\link.write.1.tlog
E:\CS\CPPP\4th\good\15_OO_and_GP\c++_primer_4_15\基类到派生类的转换\Debug\link.command.1.tlog
E:\CS\CPPP\4th\good\15_OO_and_GP\c++_primer_4_15\基类到派生类的转换\Debug\vc110.idb
E:\CS\CPPP\4th\good\15_OO_and_GP\c++_primer_4_15\基类到派生类的转换\Debug\vc110.pdb
E:\CS\CPPP\4th\good\15_OO_and_GP\c++_primer_4_15\Debug\基类到派生类的转换.pdb
E:\CS\CPPP\4th\good\15_OO_and_GP\c++_primer_4_15\Debug\基类到派生类的转换.exe
E:\CS\CPPP\4th\good\15_OO_and_GP\c++_primer_4_15\Debug\基类到派生类的转换.ilk
