================ Wed Aug 27 21:40:51 2003
NTICE: Load32 START=77070000  SIZE=7000  KPEB=817AB3E0  MOD=cfgmgr32
NTICE: Load32 START=753D0000  SIZE=8000  KPEB=817AB3E0  MOD=hticons
NTICE: Load32 START=1000000  SIZE=4000  KPEB=81734020  MOD=hypertrm
NTICE: Load32 START=77F80000  SIZE=79000  KPEB=81734020  MOD=ntdll
NTICE: Load32 START=78000000  SIZE=46000  KPEB=81734020  MOD=msvcrt
NTICE: Load32 START=77E60000  SIZE=D5000  KPEB=81734020  MOD=kernel32
NTICE: Load32 START=6E750000  SIZE=90000  KPEB=81734020  MOD=hypertrm
NTICE: Load32 START=77DF0000  SIZE=64000  KPEB=81734020  MOD=user32
NTICE: Load32 START=77F40000  SIZE=3C000  KPEB=81734020  MOD=gdi32
NTICE: Load32 START=77D90000  SIZE=5A000  KPEB=81734020  MOD=advapi32
NTICE: Load32 START=77D20000  SIZE=6F000  KPEB=81734020  MOD=rpcrt4
NTICE: Load32 START=77B30000  SIZE=8A000  KPEB=81734020  MOD=comctl32
NTICE: Load32 START=77560000  SIZE=240000  KPEB=81734020  MOD=shell32
NTICE: Load32 START=77C50000  SIZE=4A000  KPEB=81734020  MOD=shlwapi
NTICE: Load32 START=76AF0000  SIZE=3E000  KPEB=81734020  MOD=comdlg32
NTICE: Load32 START=777C0000  SIZE=1D000  KPEB=81734020  MOD=winspool
NTICE: Load32 START=774F0000  SIZE=22000  KPEB=81734020  MOD=tapi32
NTICE: Load32 START=74FD0000  SIZE=A000  KPEB=81734020  MOD=wsock32
NTICE: Load32 START=74FB0000  SIZE=14000  KPEB=81734020  MOD=ws2_32
NTICE: Load32 START=74FA0000  SIZE=8000  KPEB=81734020  MOD=ws2help
NTICE: Load32 START=77A30000  SIZE=F4000  KPEB=81734020  MOD=ole32
NTICE: Load32 START=75E00000  SIZE=1A000  KPEB=81734020  MOD=imm32
NTICE: Load32 START=753D0000  SIZE=8000  KPEB=81734020  MOD=hticons
NTICE: Load32 START=76AC0000  SIZE=5000  KPEB=81734020  MOD=riched32
NTICE: Load32 START=77270000  SIZE=6C000  KPEB=81734020  MOD=riched20
NTICE: Load32 START=6DD30000  SIZE=6000  KPEB=81734020  MOD=indicdll
NTICE: Load32 START=7CA00000  SIZE=22000  KPEB=81734020  MOD=rsabase
NTICE: Load32 START=77BF0000  SIZE=5D000  KPEB=81734020  MOD=userenv
NTICE: Load32 START=77400000  SIZE=78000  KPEB=81734020  MOD=crypt32
NTICE: Load32 START=773F0000  SIZE=10000  KPEB=81734020  MOD=msasn1
NTICE: Load32 START=6EDF0000  SIZE=6000  KPEB=81734020  MOD=htrn_jis
DevUpper.sys: + Enter FilterCreate routine
DevUpper.sys: - Exit FilterCreate routine
DevUpper.sys: + Enter FilterIoControl routine
DevUpper.sys: ---  IOCTL_SERIAL_SET_QUEUE_SIZE ---
DevUpper.sys: IoControl code:  1769480
InputBufferLength:  8     OutputBufferLength:   0   Irp:   0x8173abc8
DevUpper.sys: Input Buf (8177da68):
 0 20  0  0  0 20  0  0
DevUpper.sys: +  Enter Completion routine...
CompletionRoutine:  Irp:  0x8173abc8
info:  0
return buffer(0x8177da68):

DevUpper.sys: -  Exit Completion routine...
DevUpper.sys: - Exit FilterIoControl routine

DevUpper.sys: + Enter FilterIoControl routine
DevUpper.sys: --- Default  ---
DevUpper.sys: IoControl code:  1769600
InputBufferLength:  0     OutputBufferLength:   4   Irp:   0x8173abc8
DevUpper.sys: +  Enter Completion routine...
CompletionRoutine:  Irp:  0x8173abc8
info:  4
return buffer(0x8177da68):
 0  0  0  0
DevUpper.sys: -  Exit Completion routine...
DevUpper.sys: - Exit FilterIoControl routine

DevUpper.sys: + Enter FilterIoControl routine
DevUpper.sys: ---  IOCTL_SERIAL_GET_BAUD_RATE ---
DevUpper.sys: IoControl code:  1769552
InputBufferLength:  0     OutputBufferLength:   4   Irp:   0x8173abc8
DevUpper.sys: +  Enter Completion routine...
CompletionRoutine:  Irp:  0x8173abc8
info:  4
return buffer(0x8177da68):
b0  4  0  0
DevUpper.sys: -  Exit Completion routine...
DevUpper.sys: - Exit FilterIoControl routine

DevUpper.sys: + Enter FilterIoControl routine
DevUpper.sys: ---  IOCTL_SERIAL_GET_LINE_CONTROL ---
DevUpper.sys: IoControl code:  1769556
InputBufferLength:  0     OutputBufferLength:   3   Irp:   0x8173abc8
DevUpper.sys: +  Enter Completion routine...
CompletionRoutine:  Irp:  0x8173abc8
info:  3
return buffer(0x8177da68):
 0  2  7
DevUpper.sys: -  Exit Completion routine...
DevUpper.sys: - Exit FilterIoControl routine

DevUpper.sys: + Enter FilterIoControl routine
DevUpper.sys: ---  IOCTL_SERIAL_GET_CHARS ---
DevUpper.sys: IoControl code:  1769560
InputBufferLength:  0     OutputBufferLength:   6   Irp:   0x8173abc8
DevUpper.sys: +  Enter Completion routine...
CompletionRoutine:  Irp:  0x8173abc8
info:  6
return buffer(0x8177da68):
 0  0  0  0 11 13
DevUpper.sys: -  Exit Completion routine...
DevUpper.sys: - Exit FilterIoControl routine

DevUpper.sys: + Enter FilterIoControl routine
DevUpper.sys: ---  IOCTL_SERIAL_GET_HANDFLOW ---
DevUpper.sys: IoControl code:  1769568
InputBufferLength:  0     OutputBufferLength:   16   Irp:   0x8173abc8
DevUpper.sys: +  Enter Completion routine...
CompletionRoutine:  Irp:  0x8173abc8
info:  16
return buffer(0x8177da68):
 1  0  0  0 40  0  0  0  0 10  0  0  0  4  0  0
DevUpper.sys: -  Exit Completion routine...
DevUpper.sys: - Exit FilterIoControl routine

DevUpper.sys: + Enter FilterIoControl routine
DevUpper.sys: ---  IOCTL_SERIAL_GET_BAUD_RATE ---
DevUpper.sys: IoControl code:  1769552
InputBufferLength:  0     OutputBufferLength:   4   Irp:   0x8173abc8
DevUpper.sys: +  Enter Completion routine...
CompletionRoutine:  Irp:  0x8173abc8
info:  4
return buffer(0x8177da68):
b0  4  0  0
DevUpper.sys: -  Exit Completion routine...
DevUpper.sys: - Exit FilterIoControl routine

DevUpper.sys: + Enter FilterIoControl routine
DevUpper.sys: ---  IOCTL_SERIAL_GET_LINE_CONTROL ---
DevUpper.sys: IoControl code:  1769556
InputBufferLength:  0     OutputBufferLength:   3   Irp:   0x8173abc8
DevUpper.sys: +  Enter Completion routine...
CompletionRoutine:  Irp:  0x8173abc8
info:  3
return buffer(0x8177da68):
 0  2  7
DevUpper.sys: -  Exit Completion routine...
DevUpper.sys: - Exit FilterIoControl routine

DevUpper.sys: + Enter FilterIoControl routine
DevUpper.sys: ---  IOCTL_SERIAL_GET_CHARS ---
DevUpper.sys: IoControl code:  1769560
InputBufferLength:  0     OutputBufferLength:   6   Irp:   0x8173abc8
DevUpper.sys: +  Enter Completion routine...
CompletionRoutine:  Irp:  0x8173abc8
info:  6
return buffer(0x8177da68):
 0  0  0  0 11 13
DevUpper.sys: -  Exit Completion routine...
DevUpper.sys: - Exit FilterIoControl routine

DevUpper.sys: + Enter FilterIoControl routine
DevUpper.sys: ---  IOCTL_SERIAL_GET_HANDFLOW ---
DevUpper.sys: IoControl code:  1769568
InputBufferLength:  0     OutputBufferLength:   16   Irp:   0x8173abc8
DevUpper.sys: +  Enter Completion routine...
CompletionRoutine:  Irp:  0x8173abc8
info:  16
return buffer(0x8177da68):
 1  0  0  0 40  0  0  0  0 10  0  0  0  4  0  0
DevUpper.sys: -  Exit Completion routine...
DevUpper.sys: - Exit FilterIoControl routine

DevUpper.sys: + Enter FilterIoControl routine
DevUpper.sys: ---  IOCTL_SERIAL_SET_BAUD_RATE ---
DevUpper.sys: IoControl code:  1769476
InputBufferLength:  4     OutputBufferLength:   0   Irp:   0x8173abc8
DevUpper.sys: Input Buf (8177da68):
60  9  0  0
DevUpper.sys: +  Enter Completion routine...
CompletionRoutine:  Irp:  0x8173abc8
info:  0
return buffer(0x8177da68):

DevUpper.sys: -  Exit Completion routine...
DevUpper.sys: - Exit FilterIoControl routine

DevUpper.sys: + Enter FilterIoControl routine
DevUpper.sys: ---  IOCTL_SERIAL_SET_RTS ---
DevUpper.sys: IoControl code:  1769520
InputBufferLength:  0     OutputBufferLength:   0   Irp:   0x8173abc8
DevUpper.sys: +  Enter Completion routine...
CompletionRoutine:  Irp:  0x8173abc8
info:  0
return buffer(0x0):

DevUpper.sys: -  Exit Completion routine...
DevUpper.sys: - Exit FilterIoControl routine

DevUpper.sys: + Enter FilterIoControl routine
DevUpper.sys: ---  IOCTL_SERIAL_SET_DTR ---
DevUpper.sys: IoControl code:  1769508
InputBufferLength:  0     OutputBufferLength:   0   Irp:   0x8173abc8
DevUpper.sys: +  Enter Completion routine...
CompletionRoutine:  Irp:  0x8173abc8
info:  0
return buffer(0x0):

DevUpper.sys: -  Exit Completion routine...
DevUpper.sys: - Exit FilterIoControl routine

DevUpper.sys: + Enter FilterIoControl routine
DevUpper.sys: ---  IOCTL_SERIAL_SET_LINE_CONTROL ---
DevUpper.sys: IoControl code:  1769484
InputBufferLength:  3     OutputBufferLength:   0   Irp:   0x8173abc8
DevUpper.sys: Input Buf (8177da68):
 0  0  8
DevUpper.sys: +  Enter Completion routine...
CompletionRoutine:  Irp:  0x8173abc8
info:  0
return buffer(0x8177da68):

DevUpper.sys: -  Exit Completion routine...
DevUpper.sys: - Exit FilterIoControl routine

DevUpper.sys: + Enter FilterIoControl routine
DevUpper.sys: ---  IOCTL_SERIAL_SET_CHARS ---
DevUpper.sys: IoControl code:  1769564
InputBufferLength:  6     OutputBufferLength:   0   Irp:   0x8173abc8
DevUpper.sys: Input Buf (8177da68):
 0  0  0  0 11 13
DevUpper.sys: +  Enter Completion routine...
CompletionRoutine:  Irp:  0x8173abc8
info:  0
return buffer(0x8177da68):

DevUpper.sys: -  Exit Completion routine...
DevUpper.sys: - Exit FilterIoControl routine

DevUpper.sys: + Enter FilterIoControl routine
DevUpper.sys: ---  IOCTL_SERIAL_SET_HANDFLOW ---
DevUpper.sys: IoControl code:  1769572
InputBufferLength:  16     OutputBufferLength:   0   Irp:   0x8173abc8
DevUpper.sys: Input Buf (8177da68):
 1  0  0 80 40  0  0 80 50  0  0  0 c8  0  0  0
DevUpper.sys: +  Enter Completion routine...
CompletionRoutine:  Irp:  0x8173abc8
info:  0
return buffer(0x8177da68):

DevUpper.sys: -  Exit Completion routine...
DevUpper.sys: - Exit FilterIoControl routine

DevUpper.sys: + Enter FilterIoControl routine
DevUpper.sys: ---  IOCTL_SERIAL_SET_TIMEOUTS ---
DevUpper.sys: IoControl code:  1769500
InputBufferLength:  20     OutputBufferLength:   0   Irp:   0x8173abc8
DevUpper.sys: Input Buf (8177da68):
 a  0  0  0  0  0  0  0  0  0  0  0  0  0  0  0 88 13  0  0
DevUpper.sys: +  Enter Completion routine...
CompletionRoutine:  Irp:  0x8173abc8
info:  0
return buffer(0x8177da68):

DevUpper.sys: -  Exit Completion routine...
DevUpper.sys: - Exit FilterIoControl routine

DevUpper.sys: + Enter FilterIoControl routine
DevUpper.sys: ---  IOCTL_SERIAL_SET_WAIT_MASK ---
DevUpper.sys: IoControl code:  1769540
InputBufferLength:  4     OutputBufferLength:   0   Irp:   0x8173abc8
DevUpper.sys: Input Buf (8177da68):
a0  0  0  0
DevUpper.sys: +  Enter Completion routine...
CompletionRoutine:  Irp:  0x8173abc8
info:  0
return buffer(0x8177da68):

DevUpper.sys: -  Exit Completion routine...
DevUpper.sys: - Exit FilterIoControl routine

DevUpper.sys: + Enter FilterIoControl routine
DevUpper.sys: ---  IOCTL_SERIAL_WAIT_ON_MASK ---
DevUpper.sys: IoControl code:  1769544
InputBufferLength:  0     OutputBufferLength:   4   Irp:   0x81739008
DevUpper.sys: - Exit FilterIoControl routine

NTICE: Load32 START=400000  SIZE=1CC000  KPEB=81740D60  MOD=loader32
NTICE: Exit32 PID=39C  MOD=hypertrm


关闭超级终端程序


DevUpper.sys: + Enter FilterIoControl routine
DevUpper.sys: ---  IOCTL_SERIAL_SET_WAIT_MASK ---
DevUpper.sys: IoControl code:  1769540
InputBufferLength:  4     OutputBufferLength:   0   Irp:   0x8173f308
DevUpper.sys: Input Buf (8177ec48):
a0  0  0  0

若重新发送SET_WAIT_MASK，驱动程序需要完成上一个SET_WAIT_MASK Irp
DevUpper.sys: +  Enter Completion routine...
CompletionRoutine:  Irp:  0x81739008
info:  4
return buffer(0x8177d5c8):
 0  0  0  0
DevUpper.sys: -  Exit Completion routine...

DevUpper.sys: +  Enter Completion routine...
CompletionRoutine:  Irp:  0x8173f308
info:  0
return buffer(0x8177ec48):

DevUpper.sys: -  Exit Completion routine...
DevUpper.sys: - Exit FilterIoControl routine

DevUpper.sys: + Enter FilterIoControl routine
DevUpper.sys: ---  IOCTL_SERIAL_PURGE ---
DevUpper.sys: IoControl code:  1769548
InputBufferLength:  4     OutputBufferLength:   0   Irp:   0x8173fcc8
DevUpper.sys: Input Buf (8173c1c8):
 3  0  0  0
DevUpper.sys: +  Enter Completion routine...
CompletionRoutine:  Irp:  0x8173fcc8
info:  0
return buffer(0x8173c1c8):

DevUpper.sys: -  Exit Completion routine...
DevUpper.sys: - Exit FilterIoControl routine

DevUpper.sys: + Enter FilterCleanup routine
DevUpper.sys: - Exit FilterCleanup routine
DevUpper.sys: + Enter FilterClose routine
DevUpper.sys: - Exit FilterClose routine
NTICE: Load32 START=77990000  SIZE=95000  KPEB=81734020  MOD=oleaut32

