一个简单的WDM driver得到资源的打印日志

================ Wed Jul 16 21:15:16 2003
NTICE: Unload32 MOD=RTL8L39
NTICE: Load32 START=EB9AA000  SIZE=18C0  KPEB=820A09A0  MOD=RTL8L39
main.sys: -----------WDMSample   Build on Jul 16 2003 21:12:26   ---------------
main.sys: AddDevice PDO (0x8206bc30) FDO (0x816200a0)
main.sys: AddDevice: 816200a0 to 8206bc30->8206bc30
main.sys: Sample IRP_MN_????? IRP:0x81666e68
main.sys: Sample IRP_MN_FILTER_RESOURCE_REQUIREMENTS IRP:0x81666e68
main.sys: Sample IRP_MN_QUERY_INTERFACE IRP:0x81666e68
main.sys: Sample IRP_MN_QUERY_INTERFACE IRP:0x81666e68
main.sys: Sample IRP_MN_QUERY_INTERFACE IRP:0x81666e68
main.sys: Sample IRP_MN_START_DEVICE IRP:0x81666e68
main.sys: --- Raw Resource:
main.sys:     type CmResourceTypePort
main.sys:  start        00000EC00 length 100
main.sys:     type unknown
main.sys:     type CmResourceTypeMemory
main.sys:  start        0FFDFFC00 length 400
main.sys:     type unknown
main.sys:     type CmResourceTypeInterrupt
main.sys:   level 11, vector 11,
 affinity FFFFFFFF
main.sys: -- Translated Resources:
main.sys:     type CmResourceTypePort
main.sys:  start        00000EC00 length 100
main.sys:     type unknown
main.sys:     type CmResourceTypeMemory
main.sys:  start        0FFDFFC00 length 400
main.sys:     type unknown
main.sys:     type CmResourceTypeInterrupt
main.sys:   level 9, vector A3,affinity 1
main.sys: Sample IRP_MN_QUERY_CAPABILITIES IRP:0x81666e68
main.sys: Sample IRP_MN_QUERY_PNP_DEVICE_STATE IRP:0x81666e68
main.sys: Sample IRP_MN_QUERY_DEVICE_RELATIONS IRP:0x81666e68
NTICE: Load32 START=1000000  SIZE=5000  KPEB=819AD540  MOD=runonce
NTICE: Load32 START=77F80000  SIZE=79000  KPEB=819AD540  MOD=ntdll
NTICE: Load32 START=77E60000  SIZE=D5000  KPEB=819AD540  MOD=kernel32
NTICE: Load32 START=77F40000  SIZE=3C000  KPEB=819AD540  MOD=gdi32
NTICE: Load32 START=77DF0000  SIZE=64000  KPEB=819AD540  MOD=user32
NTICE: Load32 START=77D90000  SIZE=5A000  KPEB=819AD540  MOD=advapi32
NTICE: Load32 START=77D20000  SIZE=6F000  KPEB=819AD540  MOD=rpcrt4
NTICE: Load32 START=75E00000  SIZE=1A000  KPEB=819AD540  MOD=IMM32
NTICE: Exit32 PID=42C  MOD=runonce

