E:\CS\CPPP\4TH\GOOD\C++_PRIMER_12\FRIEND_STATIC\DEBUG\MAIN.OBJ
E:\CS\CPPP\4TH\GOOD\C++_PRIMER_12\FRIEND_STATIC\DEBUG\VC110.PDB
E:\CS\CPPP\4TH\GOOD\C++_PRIMER_12\DEBUG\FRIEND_STATIC.ILK
E:\CS\CPPP\4TH\GOOD\C++_PRIMER_12\DEBUG\FRIEND_STATIC.EXE
E:\CS\CPPP\4TH\GOOD\C++_PRIMER_12\DEBUG\FRIEND_STATIC.PDB
E:\CS\CPPP\4th\good\C++_primer_12\friend_static\Debug\main.obj
E:\CS\CPPP\4th\good\C++_primer_12\friend_static\Debug\cl.command.1.tlog
E:\CS\CPPP\4th\good\C++_primer_12\friend_static\Debug\CL.read.1.tlog
E:\CS\CPPP\4th\good\C++_primer_12\friend_static\Debug\CL.write.1.tlog
E:\CS\CPPP\4th\good\C++_primer_12\friend_static\Debug\link-cvtres.read.1.tlog
E:\CS\CPPP\4th\good\C++_primer_12\friend_static\Debug\link-cvtres.write.1.tlog
E:\CS\CPPP\4th\good\C++_primer_12\friend_static\Debug\link-rc.read.1.tlog
E:\CS\CPPP\4th\good\C++_primer_12\friend_static\Debug\link-rc.write.1.tlog
E:\CS\CPPP\4th\good\C++_primer_12\friend_static\Debug\link.command.1.tlog
E:\CS\CPPP\4th\good\C++_primer_12\friend_static\Debug\link.read.1.tlog
E:\CS\CPPP\4th\good\C++_primer_12\friend_static\Debug\link.write.1.tlog
E:\CS\CPPP\4th\good\C++_primer_12\friend_static\Debug\vc110.idb
E:\CS\CPPP\4th\good\C++_primer_12\friend_static\Debug\vc110.pdb
E:\CS\CPPP\4th\good\C++_primer_12\Debug\friend_static.pdb
E:\CS\CPPP\4th\good\C++_primer_12\Debug\friend_static.exe
E:\CS\CPPP\4th\good\C++_primer_12\Debug\friend_static.ilk
