E:\CS\MEMORY\NEWDELETE\NEW_DELETE\NEW_DELETE\DEBUG\MAIN.OBJ
E:\CS\MEMORY\NEWDELETE\NEW_DELETE\NEW_DELETE\DEBUG\VC110.PDB
E:\CS\MEMORY\NEWDELETE\NEW_DELETE\DEBUG\NEW_DELETE.ILK
E:\CS\MEMORY\NEWDELETE\NEW_DELETE\DEBUG\NEW_DELETE.EXE
E:\CS\MEMORY\NEWDELETE\NEW_DELETE\DEBUG\NEW_DELETE.PDB
E:\CS\memory\newDelete\new_delete\new_delete\Debug\main.obj
E:\CS\memory\newDelete\new_delete\new_delete\Debug\cl.command.1.tlog
E:\CS\memory\newDelete\new_delete\new_delete\Debug\CL.read.1.tlog
E:\CS\memory\newDelete\new_delete\new_delete\Debug\CL.write.1.tlog
E:\CS\memory\newDelete\new_delete\new_delete\Debug\link-cvtres.read.1.tlog
E:\CS\memory\newDelete\new_delete\new_delete\Debug\link-cvtres.write.1.tlog
E:\CS\memory\newDelete\new_delete\new_delete\Debug\link-rc.read.1.tlog
E:\CS\memory\newDelete\new_delete\new_delete\Debug\link-rc.write.1.tlog
E:\CS\memory\newDelete\new_delete\new_delete\Debug\link.command.1.tlog
E:\CS\memory\newDelete\new_delete\new_delete\Debug\link.read.1.tlog
E:\CS\memory\newDelete\new_delete\new_delete\Debug\link.write.1.tlog
E:\CS\memory\newDelete\new_delete\new_delete\Debug\vc110.idb
E:\CS\memory\newDelete\new_delete\new_delete\Debug\vc110.pdb
E:\CS\memory\newDelete\new_delete\Debug\new_delete.pdb
E:\CS\memory\newDelete\new_delete\Debug\new_delete.exe
E:\CS\memory\newDelete\new_delete\Debug\new_delete.ilk
