E:\CS\CPPP\4TH\GOOD\17_TOOLS_FOR_LARGER_PROGRAMS\C++_PRIMER_4_17\17.1.1_THROW_EXCEPTION\DEBUG\MAIN_EXCEPTION_AND_POINTER.OBJ
E:\CS\CPPP\4TH\GOOD\17_TOOLS_FOR_LARGER_PROGRAMS\C++_PRIMER_4_17\17.1.1_THROW_EXCEPTION\DEBUG\VC110.PDB
E:\CS\CPPP\4TH\GOOD\17_TOOLS_FOR_LARGER_PROGRAMS\C++_PRIMER_4_17\DEBUG\17.1.1_THROW_EXCEPTION.ILK
E:\CS\CPPP\4TH\GOOD\17_TOOLS_FOR_LARGER_PROGRAMS\C++_PRIMER_4_17\DEBUG\17.1.1_THROW_EXCEPTION.EXE
E:\CS\CPPP\4TH\GOOD\17_TOOLS_FOR_LARGER_PROGRAMS\C++_PRIMER_4_17\DEBUG\17.1.1_THROW_EXCEPTION.PDB
E:\CS\CPPP\4th\good\17_tools_for_larger_programs\c++_primer_4_17\17.1.1_throw_exception\Debug\main_exception_and_pointer.obj
E:\CS\CPPP\4th\good\17_tools_for_larger_programs\c++_primer_4_17\17.1.1_throw_exception\Debug\cl.command.1.tlog
E:\CS\CPPP\4th\good\17_tools_for_larger_programs\c++_primer_4_17\17.1.1_throw_exception\Debug\CL.read.1.tlog
E:\CS\CPPP\4th\good\17_tools_for_larger_programs\c++_primer_4_17\17.1.1_throw_exception\Debug\CL.write.1.tlog
E:\CS\CPPP\4th\good\17_tools_for_larger_programs\c++_primer_4_17\17.1.1_throw_exception\Debug\link-cvtres.read.1.tlog
E:\CS\CPPP\4th\good\17_tools_for_larger_programs\c++_primer_4_17\17.1.1_throw_exception\Debug\link-cvtres.write.1.tlog
E:\CS\CPPP\4th\good\17_tools_for_larger_programs\c++_primer_4_17\17.1.1_throw_exception\Debug\link-rc.read.1.tlog
E:\CS\CPPP\4th\good\17_tools_for_larger_programs\c++_primer_4_17\17.1.1_throw_exception\Debug\link-rc.write.1.tlog
E:\CS\CPPP\4th\good\17_tools_for_larger_programs\c++_primer_4_17\17.1.1_throw_exception\Debug\link.command.1.tlog
E:\CS\CPPP\4th\good\17_tools_for_larger_programs\c++_primer_4_17\17.1.1_throw_exception\Debug\link.read.1.tlog
E:\CS\CPPP\4th\good\17_tools_for_larger_programs\c++_primer_4_17\17.1.1_throw_exception\Debug\link.write.1.tlog
E:\CS\CPPP\4th\good\17_tools_for_larger_programs\c++_primer_4_17\17.1.1_throw_exception\Debug\vc110.idb
E:\CS\CPPP\4th\good\17_tools_for_larger_programs\c++_primer_4_17\17.1.1_throw_exception\Debug\vc110.pdb
E:\CS\CPPP\4th\good\17_tools_for_larger_programs\c++_primer_4_17\Debug\17.1.1_throw_exception.pdb
E:\CS\CPPP\4th\good\17_tools_for_larger_programs\c++_primer_4_17\Debug\17.1.1_throw_exception.exe
E:\CS\CPPP\4th\good\17_tools_for_larger_programs\c++_primer_4_17\Debug\17.1.1_throw_exception.ilk
