E:\CS\CPPP\4TH\GOOD\C++_PRIMER_12\C++_PRIMER_12\DEBUG\CLASS_DEFINE.OBJ
E:\CS\CPPP\4TH\GOOD\C++_PRIMER_12\C++_PRIMER_12\DEBUG\VC110.PDB
E:\CS\CPPP\4TH\GOOD\C++_PRIMER_12\DEBUG\CLASS_DEFINE.ILK
E:\CS\CPPP\4TH\GOOD\C++_PRIMER_12\DEBUG\CLASS_DEFINE.EXE
E:\CS\CPPP\4TH\GOOD\C++_PRIMER_12\DEBUG\CLASS_DEFINE.PDB
E:\CS\CPPP\4th\good\C++_primer_12\C++_primer_12\Debug\class_define.obj
E:\CS\CPPP\4th\good\C++_primer_12\C++_primer_12\Debug\cl.command.1.tlog
E:\CS\CPPP\4th\good\C++_primer_12\C++_primer_12\Debug\CL.read.1.tlog
E:\CS\CPPP\4th\good\C++_primer_12\C++_primer_12\Debug\CL.write.1.tlog
E:\CS\CPPP\4th\good\C++_primer_12\C++_primer_12\Debug\link-cvtres.read.1.tlog
E:\CS\CPPP\4th\good\C++_primer_12\C++_primer_12\Debug\link-cvtres.write.1.tlog
E:\CS\CPPP\4th\good\C++_primer_12\C++_primer_12\Debug\link-rc.read.1.tlog
E:\CS\CPPP\4th\good\C++_primer_12\C++_primer_12\Debug\link-rc.write.1.tlog
E:\CS\CPPP\4th\good\C++_primer_12\C++_primer_12\Debug\link.command.1.tlog
E:\CS\CPPP\4th\good\C++_primer_12\C++_primer_12\Debug\link.read.1.tlog
E:\CS\CPPP\4th\good\C++_primer_12\C++_primer_12\Debug\link.write.1.tlog
E:\CS\CPPP\4th\good\C++_primer_12\C++_primer_12\Debug\vc110.idb
E:\CS\CPPP\4th\good\C++_primer_12\C++_primer_12\Debug\vc110.pdb
E:\CS\CPPP\4th\good\C++_primer_12\Debug\class_define.pdb
E:\CS\CPPP\4th\good\C++_primer_12\Debug\class_define.exe
E:\CS\CPPP\4th\good\C++_primer_12\Debug\class_define.ilk
