E:\CS\TRUNK\CODE\DSAA\DP\OBST\X64\DEBUG\MAIN.OBJ
E:\CS\TRUNK\CODE\DSAA\DP\OBST\X64\DEBUG\VC110.PDB
E:\CS\TRUNK\CODE\DSAA\DP\X64\DEBUG\OBST.ILK
E:\CS\TRUNK\CODE\DSAA\DP\X64\DEBUG\OBST.EXE
E:\CS\TRUNK\CODE\DSAA\DP\X64\DEBUG\OBST.PDB
E:\CS\trunk\code\DSAA\DP\OBST\x64\Debug\main.obj
E:\CS\trunk\code\DSAA\DP\OBST\x64\Debug\cl.command.1.tlog
E:\CS\trunk\code\DSAA\DP\OBST\x64\Debug\CL.read.1.tlog
E:\CS\trunk\code\DSAA\DP\OBST\x64\Debug\CL.write.1.tlog
E:\CS\trunk\code\DSAA\DP\OBST\x64\Debug\link-cvtres.read.1.tlog
E:\CS\trunk\code\DSAA\DP\OBST\x64\Debug\link-cvtres.write.1.tlog
E:\CS\trunk\code\DSAA\DP\OBST\x64\Debug\link-rc.read.1.tlog
E:\CS\trunk\code\DSAA\DP\OBST\x64\Debug\link-rc.write.1.tlog
E:\CS\trunk\code\DSAA\DP\OBST\x64\Debug\link.command.1.tlog
E:\CS\trunk\code\DSAA\DP\OBST\x64\Debug\link.read.1.tlog
E:\CS\trunk\code\DSAA\DP\OBST\x64\Debug\link.write.1.tlog
E:\CS\trunk\code\DSAA\DP\OBST\x64\Debug\vc110.idb
E:\CS\trunk\code\DSAA\DP\OBST\x64\Debug\vc110.pdb
E:\CS\trunk\code\DSAA\DP\x64\Debug\OBST.pdb
E:\CS\trunk\code\DSAA\DP\x64\Debug\OBST.exe
E:\CS\trunk\code\DSAA\DP\x64\Debug\OBST.ilk
