E:\CS\CPPP\4TH\GOOD\C++_PRIMER_12\INLINE\DEBUG\MAIN.OBJ
E:\CS\CPPP\4TH\GOOD\C++_PRIMER_12\INLINE\DEBUG\VC110.PDB
E:\CS\CPPP\4TH\GOOD\C++_PRIMER_12\DEBUG\INLINE.ILK
E:\CS\CPPP\4TH\GOOD\C++_PRIMER_12\DEBUG\INLINE.EXE
E:\CS\CPPP\4TH\GOOD\C++_PRIMER_12\DEBUG\INLINE.PDB
E:\CS\CPPP\4th\good\C++_primer_12\inline\Debug\main.obj
E:\CS\CPPP\4th\good\C++_primer_12\inline\Debug\cl.command.1.tlog
E:\CS\CPPP\4th\good\C++_primer_12\inline\Debug\CL.read.1.tlog
E:\CS\CPPP\4th\good\C++_primer_12\inline\Debug\CL.write.1.tlog
E:\CS\CPPP\4th\good\C++_primer_12\inline\Debug\link-cvtres.read.1.tlog
E:\CS\CPPP\4th\good\C++_primer_12\inline\Debug\link-cvtres.write.1.tlog
E:\CS\CPPP\4th\good\C++_primer_12\inline\Debug\link-rc.read.1.tlog
E:\CS\CPPP\4th\good\C++_primer_12\inline\Debug\link-rc.write.1.tlog
E:\CS\CPPP\4th\good\C++_primer_12\inline\Debug\link.command.1.tlog
E:\CS\CPPP\4th\good\C++_primer_12\inline\Debug\link.read.1.tlog
E:\CS\CPPP\4th\good\C++_primer_12\inline\Debug\link.write.1.tlog
E:\CS\CPPP\4th\good\C++_primer_12\inline\Debug\vc110.idb
E:\CS\CPPP\4th\good\C++_primer_12\inline\Debug\vc110.pdb
E:\CS\CPPP\4th\good\C++_primer_12\Debug\inline.pdb
E:\CS\CPPP\4th\good\C++_primer_12\Debug\inline.exe
E:\CS\CPPP\4th\good\C++_primer_12\Debug\inline.ilk
