E:\CS\CPPP\4TH\GOOD\17_TOOLS_FOR_LARGER_PROGRAMS\C++_PRIMER_4_17\17.1.2_析构函数抛异常\DEBUG\MAIN.OBJ
E:\CS\CPPP\4TH\GOOD\17_TOOLS_FOR_LARGER_PROGRAMS\C++_PRIMER_4_17\17.1.2_析构函数抛异常\DEBUG\VC110.PDB
E:\CS\CPPP\4TH\GOOD\17_TOOLS_FOR_LARGER_PROGRAMS\C++_PRIMER_4_17\DEBUG\17.1.2_EXCEPTION_DESTRUCTOR.ILK
E:\CS\CPPP\4TH\GOOD\17_TOOLS_FOR_LARGER_PROGRAMS\C++_PRIMER_4_17\DEBUG\17.1.2_EXCEPTION_DESTRUCTOR.EXE
E:\CS\CPPP\4TH\GOOD\17_TOOLS_FOR_LARGER_PROGRAMS\C++_PRIMER_4_17\DEBUG\17.1.2_EXCEPTION_DESTRUCTOR.PDB
E:\CS\CPPP\4th\good\17_tools_for_larger_programs\c++_primer_4_17\17.1.2_析构函数抛异常\Debug\main.obj
E:\CS\CPPP\4th\good\17_tools_for_larger_programs\c++_primer_4_17\17.1.2_析构函数抛异常\Debug\cl.command.1.tlog
E:\CS\CPPP\4th\good\17_tools_for_larger_programs\c++_primer_4_17\17.1.2_析构函数抛异常\Debug\CL.read.1.tlog
E:\CS\CPPP\4th\good\17_tools_for_larger_programs\c++_primer_4_17\17.1.2_析构函数抛异常\Debug\CL.write.1.tlog
E:\CS\CPPP\4th\good\17_tools_for_larger_programs\c++_primer_4_17\17.1.2_析构函数抛异常\Debug\link-cvtres.read.1.tlog
E:\CS\CPPP\4th\good\17_tools_for_larger_programs\c++_primer_4_17\17.1.2_析构函数抛异常\Debug\link-cvtres.write.1.tlog
E:\CS\CPPP\4th\good\17_tools_for_larger_programs\c++_primer_4_17\17.1.2_析构函数抛异常\Debug\link-rc.read.1.tlog
E:\CS\CPPP\4th\good\17_tools_for_larger_programs\c++_primer_4_17\17.1.2_析构函数抛异常\Debug\link-rc.write.1.tlog
E:\CS\CPPP\4th\good\17_tools_for_larger_programs\c++_primer_4_17\17.1.2_析构函数抛异常\Debug\link.command.1.tlog
E:\CS\CPPP\4th\good\17_tools_for_larger_programs\c++_primer_4_17\17.1.2_析构函数抛异常\Debug\link.read.1.tlog
E:\CS\CPPP\4th\good\17_tools_for_larger_programs\c++_primer_4_17\17.1.2_析构函数抛异常\Debug\link.write.1.tlog
E:\CS\CPPP\4th\good\17_tools_for_larger_programs\c++_primer_4_17\17.1.2_析构函数抛异常\Debug\vc110.idb
E:\CS\CPPP\4th\good\17_tools_for_larger_programs\c++_primer_4_17\17.1.2_析构函数抛异常\Debug\vc110.pdb
E:\CS\CPPP\4th\good\17_tools_for_larger_programs\c++_primer_4_17\Debug\17.1.2_exception_destructor.pdb
E:\CS\CPPP\4th\good\17_tools_for_larger_programs\c++_primer_4_17\Debug\17.1.2_exception_destructor.exe
E:\CS\CPPP\4th\good\17_tools_for_larger_programs\c++_primer_4_17\Debug\17.1.2_exception_destructor.ilk
