E:\CS\CPPP\4TH\GOOD\C++_PRIMER_12\THIS_POINTER\DEBUG\MAIN.OBJ
E:\CS\CPPP\4TH\GOOD\C++_PRIMER_12\THIS_POINTER\DEBUG\VC110.PDB
E:\CS\CPPP\4TH\GOOD\C++_PRIMER_12\DEBUG\THIS_POINTER.ILK
E:\CS\CPPP\4TH\GOOD\C++_PRIMER_12\DEBUG\THIS_POINTER.EXE
E:\CS\CPPP\4TH\GOOD\C++_PRIMER_12\DEBUG\THIS_POINTER.PDB
E:\CS\CPPP\4th\good\C++_primer_12\this_pointer\Debug\main.obj
E:\CS\CPPP\4th\good\C++_primer_12\this_pointer\Debug\cl.command.1.tlog
E:\CS\CPPP\4th\good\C++_primer_12\this_pointer\Debug\CL.read.1.tlog
E:\CS\CPPP\4th\good\C++_primer_12\this_pointer\Debug\CL.write.1.tlog
E:\CS\CPPP\4th\good\C++_primer_12\this_pointer\Debug\link-cvtres.read.1.tlog
E:\CS\CPPP\4th\good\C++_primer_12\this_pointer\Debug\link-cvtres.write.1.tlog
E:\CS\CPPP\4th\good\C++_primer_12\this_pointer\Debug\link-rc.read.1.tlog
E:\CS\CPPP\4th\good\C++_primer_12\this_pointer\Debug\link-rc.write.1.tlog
E:\CS\CPPP\4th\good\C++_primer_12\this_pointer\Debug\link.command.1.tlog
E:\CS\CPPP\4th\good\C++_primer_12\this_pointer\Debug\link.read.1.tlog
E:\CS\CPPP\4th\good\C++_primer_12\this_pointer\Debug\link.write.1.tlog
E:\CS\CPPP\4th\good\C++_primer_12\this_pointer\Debug\vc110.idb
E:\CS\CPPP\4th\good\C++_primer_12\this_pointer\Debug\vc110.pdb
E:\CS\CPPP\4th\good\C++_primer_12\Debug\this_pointer.pdb
E:\CS\CPPP\4th\good\C++_primer_12\Debug\this_pointer.exe
E:\CS\CPPP\4th\good\C++_primer_12\Debug\this_pointer.ilk
