E:\CS\TRUNK\CODE\DSAA\HEAP\HEAP\DEBUG\MAIN.OBJ
E:\CS\TRUNK\CODE\DSAA\HEAP\HEAP\DEBUG\VC110.PDB
E:\CS\TRUNK\CODE\DSAA\HEAP\DEBUG\HEAP.ILK
E:\CS\TRUNK\CODE\DSAA\HEAP\DEBUG\HEAP.EXE
E:\CS\TRUNK\CODE\DSAA\HEAP\DEBUG\HEAP.PDB
E:\CS\trunk\code\DSAA\heap\heap\Debug\main.obj
E:\CS\trunk\code\DSAA\heap\heap\Debug\cl.command.1.tlog
E:\CS\trunk\code\DSAA\heap\heap\Debug\CL.read.1.tlog
E:\CS\trunk\code\DSAA\heap\heap\Debug\CL.write.1.tlog
E:\CS\trunk\code\DSAA\heap\heap\Debug\link-cvtres.read.1.tlog
E:\CS\trunk\code\DSAA\heap\heap\Debug\link-cvtres.write.1.tlog
E:\CS\trunk\code\DSAA\heap\heap\Debug\link-rc.read.1.tlog
E:\CS\trunk\code\DSAA\heap\heap\Debug\link-rc.write.1.tlog
E:\CS\trunk\code\DSAA\heap\heap\Debug\link.command.1.tlog
E:\CS\trunk\code\DSAA\heap\heap\Debug\link.read.1.tlog
E:\CS\trunk\code\DSAA\heap\heap\Debug\link.write.1.tlog
E:\CS\trunk\code\DSAA\heap\heap\Debug\vc110.idb
E:\CS\trunk\code\DSAA\heap\heap\Debug\vc110.pdb
E:\CS\trunk\code\DSAA\heap\Debug\heap.pdb
E:\CS\trunk\code\DSAA\heap\Debug\heap.exe
E:\CS\trunk\code\DSAA\heap\Debug\heap.ilk
